This file contains any messages produced by compilers while
running configure, to aid debugging if configure makes a mistake.

It was created by configure, which was
generated by GNU Autoconf 2.65.  Invocation command line was

  $ ./configure 

## --------- ##
## Platform. ##
## --------- ##

hostname = amir-System
uname -m = x86_64
uname -r = 4.15.0-47-generic
uname -s = Linux
uname -v = #50-Ubuntu SMP Wed Mar 13 10:44:52 UTC 2019

/usr/bin/uname -p = unknown
/bin/uname -X     = unknown

/bin/arch              = unknown
/usr/bin/arch -k       = unknown
/usr/convex/getsysinfo = unknown
/usr/bin/hostinfo      = unknown
/bin/machine           = unknown
/usr/bin/oslevel       = unknown
/bin/universe          = unknown

PATH: /home/amir/.local/bin
PATH: /usr/local/sbin
PATH: /usr/local/bin
PATH: /usr/sbin
PATH: /usr/bin
PATH: /sbin
PATH: /bin
PATH: /usr/games
PATH: /usr/local/games
PATH: /snap/bin
PATH: /snap/bin
PATH: /var/lib/snapd/snap/bin


## ----------- ##
## Core tests. ##
## ----------- ##

configure:2238: checking for gcc
configure:2254: found /usr/bin/gcc
configure:2265: result: gcc
configure:2494: checking for C compiler version
configure:2503: gcc --version >&5
gcc (Ubuntu 7.3.0-27ubuntu1~18.04) 7.3.0
Copyright (C) 2017 Free Software Foundation, Inc.
This is free software; see the source for copying conditions.  There is NO
warranty; not even for MERCHANTABILITY or FITNESS FOR A PARTICULAR PURPOSE.

configure:2514: $? = 0
configure:2503: gcc -v >&5
Using built-in specs.
COLLECT_GCC=gcc
COLLECT_LTO_WRAPPER=/usr/lib/gcc/x86_64-linux-gnu/7/lto-wrapper
OFFLOAD_TARGET_NAMES=nvptx-none
OFFLOAD_TARGET_DEFAULT=1
Target: x86_64-linux-gnu
Configured with: ../src/configure -v --with-pkgversion='Ubuntu 7.3.0-27ubuntu1~18.04' --with-bugurl=file:///usr/share/doc/gcc-7/README.Bugs --enable-languages=c,ada,c++,go,brig,d,fortran,objc,obj-c++ --prefix=/usr --with-gcc-major-version-only --program-suffix=-7 --program-prefix=x86_64-linux-gnu- --enable-shared --enable-linker-build-id --libexecdir=/usr/lib --without-included-gettext --enable-threads=posix --libdir=/usr/lib --enable-nls --with-sysroot=/ --enable-clocale=gnu --enable-libstdcxx-debug --enable-libstdcxx-time=yes --with-default-libstdcxx-abi=new --enable-gnu-unique-object --disable-vtable-verify --enable-libmpx --enable-plugin --enable-default-pie --with-system-zlib --with-target-system-zlib --enable-objc-gc=auto --enable-multiarch --disable-werror --with-arch-32=i686 --with-abi=m64 --with-multilib-list=m32,m64,mx32 --enable-multilib --with-tune=generic --enable-offload-targets=nvptx-none --without-cuda-driver --enable-checking=release --build=x86_64-linux-gnu --host=x86_64-linux-gnu --target=x86_64-linux-gnu
Thread model: posix
gcc version 7.3.0 (Ubuntu 7.3.0-27ubuntu1~18.04) 
configure:2514: $? = 0
configure:2503: gcc -V >&5
gcc: error: unrecognized command line option '-V'
gcc: fatal error: no input files
compilation terminated.
configure:2514: $? = 1
configure:2503: gcc -qversion >&5
gcc: error: unrecognized command line option '-qversion'; did you mean '--version'?
gcc: fatal error: no input files
compilation terminated.
configure:2514: $? = 1
configure:2534: checking whether the C compiler works
configure:2556: gcc    conftest.c  >&5
configure:2560: $? = 0
configure:2609: result: yes
configure:2612: checking for C compiler default output file name
configure:2614: result: a.out
configure:2620: checking for suffix of executables
configure:2627: gcc -o conftest    conftest.c  >&5
configure:2631: $? = 0
configure:2653: result: 
configure:2675: checking whether we are cross compiling
configure:2683: gcc -o conftest    conftest.c  >&5
configure:2687: $? = 0
configure:2694: ./conftest
configure:2698: $? = 0
configure:2713: result: no
configure:2718: checking for suffix of object files
configure:2740: gcc -c   conftest.c >&5
configure:2744: $? = 0
configure:2765: result: o
configure:2769: checking whether we are using the GNU C compiler
configure:2788: gcc -c   conftest.c >&5
configure:2788: $? = 0
configure:2797: result: yes
configure:2806: checking whether gcc accepts -g
configure:2826: gcc -c -g  conftest.c >&5
configure:2826: $? = 0
configure:2867: result: yes
configure:2884: checking for gcc option to accept ISO C89
configure:2948: gcc  -c -g -O2  conftest.c >&5
configure:2948: $? = 0
configure:2961: result: none needed
configure:2987: checking how to run the C preprocessor
configure:3018: gcc -E  conftest.c
configure:3018: $? = 0
configure:3032: gcc -E  conftest.c
conftest.c:9:10: fatal error: ac_nonexistent.h: No such file or directory
 #include <ac_nonexistent.h>
          ^~~~~~~~~~~~~~~~~~
compilation terminated.
configure:3032: $? = 1
configure: failed program was:
| /* confdefs.h */
| #define PACKAGE_NAME ""
| #define PACKAGE_TARNAME ""
| #define PACKAGE_VERSION ""
| #define PACKAGE_STRING ""
| #define PACKAGE_BUGREPORT ""
| #define PACKAGE_URL ""
| /* end confdefs.h.  */
| #include <ac_nonexistent.h>
configure:3057: result: gcc -E
configure:3077: gcc -E  conftest.c
configure:3077: $? = 0
configure:3091: gcc -E  conftest.c
conftest.c:9:10: fatal error: ac_nonexistent.h: No such file or directory
 #include <ac_nonexistent.h>
          ^~~~~~~~~~~~~~~~~~
compilation terminated.
configure:3091: $? = 1
configure: failed program was:
| /* confdefs.h */
| #define PACKAGE_NAME ""
| #define PACKAGE_TARNAME ""
| #define PACKAGE_VERSION ""
| #define PACKAGE_STRING ""
| #define PACKAGE_BUGREPORT ""
| #define PACKAGE_URL ""
| /* end confdefs.h.  */
| #include <ac_nonexistent.h>
configure:3120: checking for grep that handles long lines and -e
configure:3178: result: /bin/grep
configure:3183: checking for egrep
configure:3245: result: /bin/grep -E
configure:3251: checking whether gcc needs -traditional
configure:3285: result: no
configure:3329: checking for a BSD-compatible install
configure:3397: result: /usr/bin/install -c
configure:3413: checking build system type
configure:3427: result: x86_64-unknown-linux-gnu
configure:3447: checking host system type
configure:3460: result: x86_64-unknown-linux-gnu
configure:3480: checking target system type
configure:3493: result: x86_64-unknown-linux-gnu
configure:3521: checking for an ANSI C-conforming const
configure:3586: gcc -c -g -O2  conftest.c >&5
configure:3586: $? = 0
configure:3593: result: yes
configure:3601: checking for inline
configure:3617: gcc -c -g -O2  conftest.c >&5
configure:3617: $? = 0
configure:3625: result: inline
configure:3646: checking for pthread_create in -lpthread
configure:3671: gcc -o conftest -g -O2   conftest.c -lpthread   >&5
configure:3671: $? = 0
configure:3680: result: yes
configure:3691: checking for dlsym in -ldl
configure:3716: gcc -o conftest -g -O2   conftest.c -ldl  -lpthread  >&5
configure:3716: $? = 0
configure:3725: result: yes
configure:3738: checking for ANSI C header files
configure:3758: gcc -c -g -O2  conftest.c >&5
configure:3758: $? = 0
configure:3831: gcc -o conftest -g -O2   conftest.c -ldl -lpthread  >&5
configure:3831: $? = 0
configure:3831: ./conftest
configure:3831: $? = 0
configure:3842: result: yes
configure:3850: checking for sys/wait.h that is POSIX.1 compatible
configure:3876: gcc -c -g -O2  conftest.c >&5
configure:3876: $? = 0
configure:3883: result: yes
configure:3896: checking for sys/types.h
configure:3896: gcc -c -g -O2  conftest.c >&5
configure:3896: $? = 0
configure:3896: result: yes
configure:3896: checking for sys/stat.h
configure:3896: gcc -c -g -O2  conftest.c >&5
configure:3896: $? = 0
configure:3896: result: yes
configure:3896: checking for stdlib.h
configure:3896: gcc -c -g -O2  conftest.c >&5
configure:3896: $? = 0
configure:3896: result: yes
configure:3896: checking for string.h
configure:3896: gcc -c -g -O2  conftest.c >&5
configure:3896: $? = 0
configure:3896: result: yes
configure:3896: checking for memory.h
configure:3896: gcc -c -g -O2  conftest.c >&5
configure:3896: $? = 0
configure:3896: result: yes
configure:3896: checking for strings.h
configure:3896: gcc -c -g -O2  conftest.c >&5
configure:3896: $? = 0
configure:3896: result: yes
configure:3896: checking for inttypes.h
configure:3896: gcc -c -g -O2  conftest.c >&5
configure:3896: $? = 0
configure:3896: result: yes
configure:3896: checking for stdint.h
configure:3896: gcc -c -g -O2  conftest.c >&5
configure:3896: $? = 0
configure:3896: result: yes
configure:3896: checking for unistd.h
configure:3896: gcc -c -g -O2  conftest.c >&5
configure:3896: $? = 0
configure:3896: result: yes
configure:3914: checking fcntl.h usability
configure:3914: gcc -c -g -O2  conftest.c >&5
configure:3914: $? = 0
configure:3914: result: yes
configure:3914: checking fcntl.h presence
configure:3914: gcc -E  conftest.c
configure:3914: $? = 0
configure:3914: result: yes
configure:3914: checking for fcntl.h
configure:3914: result: yes
configure:3914: checking limits.h usability
configure:3914: gcc -c -g -O2  conftest.c >&5
configure:3914: $? = 0
configure:3914: result: yes
configure:3914: checking limits.h presence
configure:3914: gcc -E  conftest.c
configure:3914: $? = 0
configure:3914: result: yes
configure:3914: checking for limits.h
configure:3914: result: yes
configure:3914: checking sys/ioctl.h usability
configure:3914: gcc -c -g -O2  conftest.c >&5
configure:3914: $? = 0
configure:3914: result: yes
configure:3914: checking sys/ioctl.h presence
configure:3914: gcc -E  conftest.c
configure:3914: $? = 0
configure:3914: result: yes
configure:3914: checking for sys/ioctl.h
configure:3914: result: yes
configure:3914: checking sys/time.h usability
configure:3914: gcc -c -g -O2  conftest.c >&5
configure:3914: $? = 0
configure:3914: result: yes
configure:3914: checking sys/time.h presence
configure:3914: gcc -E  conftest.c
configure:3914: $? = 0
configure:3914: result: yes
configure:3914: checking for sys/time.h
configure:3914: result: yes
configure:3914: checking arpa/inet.h usability
configure:3914: gcc -c -g -O2  conftest.c >&5
configure:3914: $? = 0
configure:3914: result: yes
configure:3914: checking arpa/inet.h presence
configure:3914: gcc -E  conftest.c
configure:3914: $? = 0
configure:3914: result: yes
configure:3914: checking for arpa/inet.h
configure:3914: result: yes
configure:3914: checking netdb.h usability
configure:3914: gcc -c -g -O2  conftest.c >&5
configure:3914: $? = 0
configure:3914: result: yes
configure:3914: checking netdb.h presence
configure:3914: gcc -E  conftest.c
configure:3914: $? = 0
configure:3914: result: yes
configure:3914: checking for netdb.h
configure:3914: result: yes
configure:3914: checking sys/select.h usability
configure:3914: gcc -c -g -O2  conftest.c >&5
configure:3914: $? = 0
configure:3914: result: yes
configure:3914: checking sys/select.h presence
configure:3914: gcc -E  conftest.c
configure:3914: $? = 0
configure:3914: result: yes
configure:3914: checking for sys/select.h
configure:3914: result: yes
configure:3914: checking sys/sockio.h usability
configure:3914: gcc -c -g -O2  conftest.c >&5
conftest.c:62:10: fatal error: sys/sockio.h: No such file or directory
 #include <sys/sockio.h>
          ^~~~~~~~~~~~~~
compilation terminated.
configure:3914: $? = 1
configure: failed program was:
| /* confdefs.h */
| #define PACKAGE_NAME ""
| #define PACKAGE_TARNAME ""
| #define PACKAGE_VERSION ""
| #define PACKAGE_STRING ""
| #define PACKAGE_BUGREPORT ""
| #define PACKAGE_URL ""
| #define HAVE_LIBPTHREAD 1
| #define HAVE_LIBDL 1
| #define STDC_HEADERS 1
| #define HAVE_SYS_WAIT_H 1
| #define HAVE_SYS_TYPES_H 1
| #define HAVE_SYS_STAT_H 1
| #define HAVE_STDLIB_H 1
| #define HAVE_STRING_H 1
| #define HAVE_MEMORY_H 1
| #define HAVE_STRINGS_H 1
| #define HAVE_INTTYPES_H 1
| #define HAVE_STDINT_H 1
| #define HAVE_UNISTD_H 1
| #define HAVE_FCNTL_H 1
| #define HAVE_LIMITS_H 1
| #define HAVE_SYS_IOCTL_H 1
| #define HAVE_SYS_TIME_H 1
| #define HAVE_ARPA_INET_H 1
| #define HAVE_NETDB_H 1
| #define HAVE_SYS_SELECT_H 1
| /* end confdefs.h.  */
| #include <stdio.h>
| #ifdef HAVE_SYS_TYPES_H
| # include <sys/types.h>
| #endif
| #ifdef HAVE_SYS_STAT_H
| # include <sys/stat.h>
| #endif
| #ifdef STDC_HEADERS
| # include <stdlib.h>
| # include <stddef.h>
| #else
| # ifdef HAVE_STDLIB_H
| #  include <stdlib.h>
| # endif
| #endif
| #ifdef HAVE_STRING_H
| # if !defined STDC_HEADERS && defined HAVE_MEMORY_H
| #  include <memory.h>
| # endif
| # include <string.h>
| #endif
| #ifdef HAVE_STRINGS_H
| # include <strings.h>
| #endif
| #ifdef HAVE_INTTYPES_H
| # include <inttypes.h>
| #endif
| #ifdef HAVE_STDINT_H
| # include <stdint.h>
| #endif
| #ifdef HAVE_UNISTD_H
| # include <unistd.h>
| #endif
| #include <sys/sockio.h>
configure:3914: result: no
configure:3914: checking sys/sockio.h presence
configure:3914: gcc -E  conftest.c
conftest.c:29:10: fatal error: sys/sockio.h: No such file or directory
 #include <sys/sockio.h>
          ^~~~~~~~~~~~~~
compilation terminated.
configure:3914: $? = 1
configure: failed program was:
| /* confdefs.h */
| #define PACKAGE_NAME ""
| #define PACKAGE_TARNAME ""
| #define PACKAGE_VERSION ""
| #define PACKAGE_STRING ""
| #define PACKAGE_BUGREPORT ""
| #define PACKAGE_URL ""
| #define HAVE_LIBPTHREAD 1
| #define HAVE_LIBDL 1
| #define STDC_HEADERS 1
| #define HAVE_SYS_WAIT_H 1
| #define HAVE_SYS_TYPES_H 1
| #define HAVE_SYS_STAT_H 1
| #define HAVE_STDLIB_H 1
| #define HAVE_STRING_H 1
| #define HAVE_MEMORY_H 1
| #define HAVE_STRINGS_H 1
| #define HAVE_INTTYPES_H 1
| #define HAVE_STDINT_H 1
| #define HAVE_UNISTD_H 1
| #define HAVE_FCNTL_H 1
| #define HAVE_LIMITS_H 1
| #define HAVE_SYS_IOCTL_H 1
| #define HAVE_SYS_TIME_H 1
| #define HAVE_ARPA_INET_H 1
| #define HAVE_NETDB_H 1
| #define HAVE_SYS_SELECT_H 1
| /* end confdefs.h.  */
| #include <sys/sockio.h>
configure:3914: result: no
configure:3914: checking for sys/sockio.h
configure:3914: result: no
configure:3914: checking sys/socket.h usability
configure:3914: gcc -c -g -O2  conftest.c >&5
configure:3914: $? = 0
configure:3914: result: yes
configure:3914: checking sys/socket.h presence
configure:3914: gcc -E  conftest.c
configure:3914: $? = 0
configure:3914: result: yes
configure:3914: checking for sys/socket.h
configure:3914: result: yes
configure:3914: checking sys/param.h usability
configure:3914: gcc -c -g -O2  conftest.c >&5
configure:3914: $? = 0
configure:3914: result: yes
configure:3914: checking sys/param.h presence
configure:3914: gcc -E  conftest.c
configure:3914: $? = 0
configure:3914: result: yes
configure:3914: checking for sys/param.h
configure:3914: result: yes
configure:3914: checking for memory.h
configure:3914: result: yes
configure:3914: checking malloc.h usability
configure:3914: gcc -c -g -O2  conftest.c >&5
configure:3914: $? = 0
configure:3914: result: yes
configure:3914: checking malloc.h presence
configure:3914: gcc -E  conftest.c
configure:3914: $? = 0
configure:3914: result: yes
configure:3914: checking for malloc.h
configure:3914: result: yes
configure:3914: checking signal.h usability
configure:3914: gcc -c -g -O2  conftest.c >&5
configure:3914: $? = 0
configure:3914: result: yes
configure:3914: checking signal.h presence
configure:3914: gcc -E  conftest.c
configure:3914: $? = 0
configure:3914: result: yes
configure:3914: checking for signal.h
configure:3914: result: yes
configure:3914: checking net/if.h usability
configure:3914: gcc -c -g -O2  conftest.c >&5
configure:3914: $? = 0
configure:3914: result: yes
configure:3914: checking net/if.h presence
configure:3914: gcc -E  conftest.c
configure:3914: $? = 0
configure:3914: result: yes
configure:3914: checking for net/if.h
configure:3914: result: yes
configure:3914: checking netinet/in.h usability
configure:3914: gcc -c -g -O2  conftest.c >&5
configure:3914: $? = 0
configure:3914: result: yes
configure:3914: checking netinet/in.h presence
configure:3914: gcc -E  conftest.c
configure:3914: $? = 0
configure:3914: result: yes
configure:3914: checking for netinet/in.h
configure:3914: result: yes
configure:3914: checking winsock2.h usability
configure:3914: gcc -c -g -O2  conftest.c >&5
conftest.c:69:10: fatal error: winsock2.h: No such file or directory
 #include <winsock2.h>
          ^~~~~~~~~~~~
compilation terminated.
configure:3914: $? = 1
configure: failed program was:
| /* confdefs.h */
| #define PACKAGE_NAME ""
| #define PACKAGE_TARNAME ""
| #define PACKAGE_VERSION ""
| #define PACKAGE_STRING ""
| #define PACKAGE_BUGREPORT ""
| #define PACKAGE_URL ""
| #define HAVE_LIBPTHREAD 1
| #define HAVE_LIBDL 1
| #define STDC_HEADERS 1
| #define HAVE_SYS_WAIT_H 1
| #define HAVE_SYS_TYPES_H 1
| #define HAVE_SYS_STAT_H 1
| #define HAVE_STDLIB_H 1
| #define HAVE_STRING_H 1
| #define HAVE_MEMORY_H 1
| #define HAVE_STRINGS_H 1
| #define HAVE_INTTYPES_H 1
| #define HAVE_STDINT_H 1
| #define HAVE_UNISTD_H 1
| #define HAVE_FCNTL_H 1
| #define HAVE_LIMITS_H 1
| #define HAVE_SYS_IOCTL_H 1
| #define HAVE_SYS_TIME_H 1
| #define HAVE_ARPA_INET_H 1
| #define HAVE_NETDB_H 1
| #define HAVE_SYS_SELECT_H 1
| #define HAVE_SYS_SOCKET_H 1
| #define HAVE_SYS_PARAM_H 1
| #define HAVE_MEMORY_H 1
| #define HAVE_MALLOC_H 1
| #define HAVE_SIGNAL_H 1
| #define HAVE_NET_IF_H 1
| #define HAVE_NETINET_IN_H 1
| /* end confdefs.h.  */
| #include <stdio.h>
| #ifdef HAVE_SYS_TYPES_H
| # include <sys/types.h>
| #endif
| #ifdef HAVE_SYS_STAT_H
| # include <sys/stat.h>
| #endif
| #ifdef STDC_HEADERS
| # include <stdlib.h>
| # include <stddef.h>
| #else
| # ifdef HAVE_STDLIB_H
| #  include <stdlib.h>
| # endif
| #endif
| #ifdef HAVE_STRING_H
| # if !defined STDC_HEADERS && defined HAVE_MEMORY_H
| #  include <memory.h>
| # endif
| # include <string.h>
| #endif
| #ifdef HAVE_STRINGS_H
| # include <strings.h>
| #endif
| #ifdef HAVE_INTTYPES_H
| # include <inttypes.h>
| #endif
| #ifdef HAVE_STDINT_H
| # include <stdint.h>
| #endif
| #ifdef HAVE_UNISTD_H
| # include <unistd.h>
| #endif
| #include <winsock2.h>
configure:3914: result: no
configure:3914: checking winsock2.h presence
configure:3914: gcc -E  conftest.c
conftest.c:36:10: fatal error: winsock2.h: No such file or directory
 #include <winsock2.h>
          ^~~~~~~~~~~~
compilation terminated.
configure:3914: $? = 1
configure: failed program was:
| /* confdefs.h */
| #define PACKAGE_NAME ""
| #define PACKAGE_TARNAME ""
| #define PACKAGE_VERSION ""
| #define PACKAGE_STRING ""
| #define PACKAGE_BUGREPORT ""
| #define PACKAGE_URL ""
| #define HAVE_LIBPTHREAD 1
| #define HAVE_LIBDL 1
| #define STDC_HEADERS 1
| #define HAVE_SYS_WAIT_H 1
| #define HAVE_SYS_TYPES_H 1
| #define HAVE_SYS_STAT_H 1
| #define HAVE_STDLIB_H 1
| #define HAVE_STRING_H 1
| #define HAVE_MEMORY_H 1
| #define HAVE_STRINGS_H 1
| #define HAVE_INTTYPES_H 1
| #define HAVE_STDINT_H 1
| #define HAVE_UNISTD_H 1
| #define HAVE_FCNTL_H 1
| #define HAVE_LIMITS_H 1
| #define HAVE_SYS_IOCTL_H 1
| #define HAVE_SYS_TIME_H 1
| #define HAVE_ARPA_INET_H 1
| #define HAVE_NETDB_H 1
| #define HAVE_SYS_SELECT_H 1
| #define HAVE_SYS_SOCKET_H 1
| #define HAVE_SYS_PARAM_H 1
| #define HAVE_MEMORY_H 1
| #define HAVE_MALLOC_H 1
| #define HAVE_SIGNAL_H 1
| #define HAVE_NET_IF_H 1
| #define HAVE_NETINET_IN_H 1
| /* end confdefs.h.  */
| #include <winsock2.h>
configure:3914: result: no
configure:3914: checking for winsock2.h
configure:3914: result: no
configure:3914: checking sys/uio.h usability
configure:3914: gcc -c -g -O2  conftest.c >&5
configure:3914: $? = 0
configure:3914: result: yes
configure:3914: checking sys/uio.h presence
configure:3914: gcc -E  conftest.c
configure:3914: $? = 0
configure:3914: result: yes
configure:3914: checking for sys/uio.h
configure:3914: result: yes
configure:3914: checking getopt.h usability
configure:3914: gcc -c -g -O2  conftest.c >&5
configure:3914: $? = 0
configure:3914: result: yes
configure:3914: checking getopt.h presence
configure:3914: gcc -E  conftest.c
configure:3914: $? = 0
configure:3914: result: yes
configure:3914: checking for getopt.h
configure:3914: result: yes
configure:3914: checking dlfcn.h usability
configure:3914: gcc -c -g -O2  conftest.c >&5
configure:3914: $? = 0
configure:3914: result: yes
configure:3914: checking dlfcn.h presence
configure:3914: gcc -E  conftest.c
configure:3914: $? = 0
configure:3914: result: yes
configure:3914: checking for dlfcn.h
configure:3914: result: yes
configure:3914: checking for string.h
configure:3914: result: yes
configure:3928: checking termios.h usability
configure:3928: gcc -c -g -O2  conftest.c >&5
configure:3928: $? = 0
configure:3928: result: yes
configure:3928: checking termios.h presence
configure:3928: gcc -E  conftest.c
configure:3928: $? = 0
configure:3928: result: yes
configure:3928: checking for termios.h
configure:3928: result: yes
configure:3940: checking for struct ip_mreqn.imr_ifindex
configure:3940: gcc -c -g -O2  conftest.c >&5
configure:3940: $? = 0
configure:3940: result: yes
configure:3954: checking for in_addr_t
configure:3954: gcc -c -g -O2  conftest.c >&5
configure:3954: $? = 0
configure:3954: gcc -c -g -O2  conftest.c >&5
conftest.c: In function 'main':
conftest.c:49:24: error: expected expression before ')' token
 if (sizeof ((in_addr_t)))
                        ^
configure:3954: $? = 1
configure: failed program was:
| /* confdefs.h */
| #define PACKAGE_NAME ""
| #define PACKAGE_TARNAME ""
| #define PACKAGE_VERSION ""
| #define PACKAGE_STRING ""
| #define PACKAGE_BUGREPORT ""
| #define PACKAGE_URL ""
| #define HAVE_LIBPTHREAD 1
| #define HAVE_LIBDL 1
| #define STDC_HEADERS 1
| #define HAVE_SYS_WAIT_H 1
| #define HAVE_SYS_TYPES_H 1
| #define HAVE_SYS_STAT_H 1
| #define HAVE_STDLIB_H 1
| #define HAVE_STRING_H 1
| #define HAVE_MEMORY_H 1
| #define HAVE_STRINGS_H 1
| #define HAVE_INTTYPES_H 1
| #define HAVE_STDINT_H 1
| #define HAVE_UNISTD_H 1
| #define HAVE_FCNTL_H 1
| #define HAVE_LIMITS_H 1
| #define HAVE_SYS_IOCTL_H 1
| #define HAVE_SYS_TIME_H 1
| #define HAVE_ARPA_INET_H 1
| #define HAVE_NETDB_H 1
| #define HAVE_SYS_SELECT_H 1
| #define HAVE_SYS_SOCKET_H 1
| #define HAVE_SYS_PARAM_H 1
| #define HAVE_MEMORY_H 1
| #define HAVE_MALLOC_H 1
| #define HAVE_SIGNAL_H 1
| #define HAVE_NET_IF_H 1
| #define HAVE_NETINET_IN_H 1
| #define HAVE_SYS_UIO_H 1
| #define HAVE_GETOPT_H 1
| #define HAVE_DLFCN_H 1
| #define HAVE_STRING_H 1
| #define HAVE_TERMIOS_H 1
| #define HAVE_STRUCT_IP_MREQN_IMR_IFINDEX 1
| /* end confdefs.h.  */
| #ifdef HAVE_ARPA_INET_H
| #include <arpa/inet.h>
| #endif
| 
| int
| main ()
| {
| if (sizeof ((in_addr_t)))
| 	    return 0;
|   ;
|   return 0;
| }
configure:3954: result: yes
configure:3969: checking whether llseek declared in unistd.h
configure:3985: gcc -c -g -O2  conftest.c >&5
configure:3985: $? = 0
configure:3993: result: no
configure:4001: checking whether lseek64 declared in unistd.h
configure:4020: gcc -c -g -O2  conftest.c >&5
conftest.c:44:10: fatal error: sysincludes.h: No such file or directory
 #include "sysincludes.h"
          ^~~~~~~~~~~~~~~
compilation terminated.
configure:4020: $? = 1
configure: failed program was:
| /* confdefs.h */
| #define PACKAGE_NAME ""
| #define PACKAGE_TARNAME ""
| #define PACKAGE_VERSION ""
| #define PACKAGE_STRING ""
| #define PACKAGE_BUGREPORT ""
| #define PACKAGE_URL ""
| #define HAVE_LIBPTHREAD 1
| #define HAVE_LIBDL 1
| #define STDC_HEADERS 1
| #define HAVE_SYS_WAIT_H 1
| #define HAVE_SYS_TYPES_H 1
| #define HAVE_SYS_STAT_H 1
| #define HAVE_STDLIB_H 1
| #define HAVE_STRING_H 1
| #define HAVE_MEMORY_H 1
| #define HAVE_STRINGS_H 1
| #define HAVE_INTTYPES_H 1
| #define HAVE_STDINT_H 1
| #define HAVE_UNISTD_H 1
| #define HAVE_FCNTL_H 1
| #define HAVE_LIMITS_H 1
| #define HAVE_SYS_IOCTL_H 1
| #define HAVE_SYS_TIME_H 1
| #define HAVE_ARPA_INET_H 1
| #define HAVE_NETDB_H 1
| #define HAVE_SYS_SELECT_H 1
| #define HAVE_SYS_SOCKET_H 1
| #define HAVE_SYS_PARAM_H 1
| #define HAVE_MEMORY_H 1
| #define HAVE_MALLOC_H 1
| #define HAVE_SIGNAL_H 1
| #define HAVE_NET_IF_H 1
| #define HAVE_NETINET_IN_H 1
| #define HAVE_SYS_UIO_H 1
| #define HAVE_GETOPT_H 1
| #define HAVE_DLFCN_H 1
| #define HAVE_STRING_H 1
| #define HAVE_TERMIOS_H 1
| #define HAVE_STRUCT_IP_MREQN_IMR_IFINDEX 1
| #define HAVE_IN_ADDR_T 1
| /* end confdefs.h.  */
| 
| #include "sysincludes.h"
| #include <unistd.h>
| 
| int
| main ()
| {
| extern int lseek64(int);
|   ;
|   return 0;
| }
configure:4028: result: yes
configure:4040: checking for htons
configure:4040: gcc -o conftest -g -O2   conftest.c -ldl -lpthread  >&5
configure:4040: $? = 0
configure:4040: result: yes
configure:4040: checking for kill
configure:4040: gcc -o conftest -g -O2   conftest.c -ldl -lpthread  >&5
configure:4040: $? = 0
configure:4040: result: yes
configure:4040: checking for daemon
configure:4040: gcc -o conftest -g -O2   conftest.c -ldl -lpthread  >&5
configure:4040: $? = 0
configure:4040: result: yes
configure:4051: checking for an ANSI C-conforming const
configure:4123: result: yes
configure:4131: checking for inline
configure:4155: result: inline
configure:4173: checking for size_t
configure:4173: gcc -c -g -O2  conftest.c >&5
configure:4173: $? = 0
configure:4173: gcc -c -g -O2  conftest.c >&5
conftest.c: In function 'main':
conftest.c:83:21: error: expected expression before ')' token
 if (sizeof ((size_t)))
                     ^
configure:4173: $? = 1
configure: failed program was:
| /* confdefs.h */
| #define PACKAGE_NAME ""
| #define PACKAGE_TARNAME ""
| #define PACKAGE_VERSION ""
| #define PACKAGE_STRING ""
| #define PACKAGE_BUGREPORT ""
| #define PACKAGE_URL ""
| #define HAVE_LIBPTHREAD 1
| #define HAVE_LIBDL 1
| #define STDC_HEADERS 1
| #define HAVE_SYS_WAIT_H 1
| #define HAVE_SYS_TYPES_H 1
| #define HAVE_SYS_STAT_H 1
| #define HAVE_STDLIB_H 1
| #define HAVE_STRING_H 1
| #define HAVE_MEMORY_H 1
| #define HAVE_STRINGS_H 1
| #define HAVE_INTTYPES_H 1
| #define HAVE_STDINT_H 1
| #define HAVE_UNISTD_H 1
| #define HAVE_FCNTL_H 1
| #define HAVE_LIMITS_H 1
| #define HAVE_SYS_IOCTL_H 1
| #define HAVE_SYS_TIME_H 1
| #define HAVE_ARPA_INET_H 1
| #define HAVE_NETDB_H 1
| #define HAVE_SYS_SELECT_H 1
| #define HAVE_SYS_SOCKET_H 1
| #define HAVE_SYS_PARAM_H 1
| #define HAVE_MEMORY_H 1
| #define HAVE_MALLOC_H 1
| #define HAVE_SIGNAL_H 1
| #define HAVE_NET_IF_H 1
| #define HAVE_NETINET_IN_H 1
| #define HAVE_SYS_UIO_H 1
| #define HAVE_GETOPT_H 1
| #define HAVE_DLFCN_H 1
| #define HAVE_STRING_H 1
| #define HAVE_TERMIOS_H 1
| #define HAVE_STRUCT_IP_MREQN_IMR_IFINDEX 1
| #define HAVE_IN_ADDR_T 1
| #define HAVE_LSEEK64_PROTOTYPE 1
| #define HAVE_HTONS 1
| #define HAVE_KILL 1
| #define HAVE_DAEMON 1
| /* end confdefs.h.  */
| #include <stdio.h>
| #ifdef HAVE_SYS_TYPES_H
| # include <sys/types.h>
| #endif
| #ifdef HAVE_SYS_STAT_H
| # include <sys/stat.h>
| #endif
| #ifdef STDC_HEADERS
| # include <stdlib.h>
| # include <stddef.h>
| #else
| # ifdef HAVE_STDLIB_H
| #  include <stdlib.h>
| # endif
| #endif
| #ifdef HAVE_STRING_H
| # if !defined STDC_HEADERS && defined HAVE_MEMORY_H
| #  include <memory.h>
| # endif
| # include <string.h>
| #endif
| #ifdef HAVE_STRINGS_H
| # include <strings.h>
| #endif
| #ifdef HAVE_INTTYPES_H
| # include <inttypes.h>
| #endif
| #ifdef HAVE_STDINT_H
| # include <stdint.h>
| #endif
| #ifdef HAVE_UNISTD_H
| # include <unistd.h>
| #endif
| int
| main ()
| {
| if (sizeof ((size_t)))
| 	    return 0;
|   ;
|   return 0;
| }
configure:4173: result: yes
configure:4184: checking whether time.h and sys/time.h may both be included
configure:4204: gcc -c -g -O2  conftest.c >&5
configure:4204: $? = 0
configure:4211: result: yes
configure:4219: checking whether struct tm is in sys/time.h or time.h
configure:4239: gcc -c -g -O2  conftest.c >&5
configure:4239: $? = 0
configure:4246: result: time.h
configure:4256: checking return type of signal handlers
configure:4274: gcc -c -g -O2  conftest.c >&5
conftest.c: In function 'main':
conftest.c:54:10: error: void value not ignored as it ought to be
 return *(signal (0, 0)) (0) == 1;
         ~^~~~~~~~~~~~~~~~~~
configure:4274: $? = 1
configure: failed program was:
| /* confdefs.h */
| #define PACKAGE_NAME ""
| #define PACKAGE_TARNAME ""
| #define PACKAGE_VERSION ""
| #define PACKAGE_STRING ""
| #define PACKAGE_BUGREPORT ""
| #define PACKAGE_URL ""
| #define HAVE_LIBPTHREAD 1
| #define HAVE_LIBDL 1
| #define STDC_HEADERS 1
| #define HAVE_SYS_WAIT_H 1
| #define HAVE_SYS_TYPES_H 1
| #define HAVE_SYS_STAT_H 1
| #define HAVE_STDLIB_H 1
| #define HAVE_STRING_H 1
| #define HAVE_MEMORY_H 1
| #define HAVE_STRINGS_H 1
| #define HAVE_INTTYPES_H 1
| #define HAVE_STDINT_H 1
| #define HAVE_UNISTD_H 1
| #define HAVE_FCNTL_H 1
| #define HAVE_LIMITS_H 1
| #define HAVE_SYS_IOCTL_H 1
| #define HAVE_SYS_TIME_H 1
| #define HAVE_ARPA_INET_H 1
| #define HAVE_NETDB_H 1
| #define HAVE_SYS_SELECT_H 1
| #define HAVE_SYS_SOCKET_H 1
| #define HAVE_SYS_PARAM_H 1
| #define HAVE_MEMORY_H 1
| #define HAVE_MALLOC_H 1
| #define HAVE_SIGNAL_H 1
| #define HAVE_NET_IF_H 1
| #define HAVE_NETINET_IN_H 1
| #define HAVE_SYS_UIO_H 1
| #define HAVE_GETOPT_H 1
| #define HAVE_DLFCN_H 1
| #define HAVE_STRING_H 1
| #define HAVE_TERMIOS_H 1
| #define HAVE_STRUCT_IP_MREQN_IMR_IFINDEX 1
| #define HAVE_IN_ADDR_T 1
| #define HAVE_LSEEK64_PROTOTYPE 1
| #define HAVE_HTONS 1
| #define HAVE_KILL 1
| #define HAVE_DAEMON 1
| #define TIME_WITH_SYS_TIME 1
| /* end confdefs.h.  */
| #include <sys/types.h>
| #include <signal.h>
| 
| int
| main ()
| {
| return *(signal (0, 0)) (0) == 1;
|   ;
|   return 0;
| }
configure:4281: result: void
configure:4292: checking for atexit
configure:4292: gcc -o conftest -g -O2   conftest.c -ldl -lpthread  >&5
configure:4292: $? = 0
configure:4292: result: yes
configure:4292: checking for on_exit
configure:4292: gcc -o conftest -g -O2   conftest.c -ldl -lpthread  >&5
configure:4292: $? = 0
configure:4292: result: yes
configure:4292: checking for tcsetattr
configure:4292: gcc -o conftest -g -O2   conftest.c -ldl -lpthread  >&5
configure:4292: $? = 0
configure:4292: result: yes
configure:4292: checking for lseek64
configure:4292: gcc -o conftest -g -O2   conftest.c -ldl -lpthread  >&5
configure:4292: $? = 0
configure:4292: result: yes
configure:4292: checking for snprintf
configure:4292: gcc -o conftest -g -O2   conftest.c -ldl -lpthread  >&5
conftest.c:76:6: warning: conflicting types for built-in function 'snprintf' [-Wbuiltin-declaration-mismatch]
 char snprintf ();
      ^~~~~~~~
configure:4292: $? = 0
configure:4292: result: yes
configure:4292: checking for inet_pton
configure:4292: gcc -o conftest -g -O2   conftest.c -ldl -lpthread  >&5
configure:4292: $? = 0
configure:4292: result: yes
configure:4292: checking for inet_aton
configure:4292: gcc -o conftest -g -O2   conftest.c -ldl -lpthread  >&5
configure:4292: $? = 0
configure:4292: result: yes
configure:4292: checking for getopt_long
configure:4292: gcc -o conftest -g -O2   conftest.c -ldl -lpthread  >&5
configure:4292: $? = 0
configure:4292: result: yes
configure:4292: checking for dlsym
configure:4292: gcc -o conftest -g -O2   conftest.c -ldl -lpthread  >&5
configure:4292: $? = 0
configure:4292: result: yes
configure:4311: checking for 64-bit off_t
configure:4332: gcc -c -g -O2  conftest.c >&5
conftest.c: In function 'main':
conftest.c:66:20: error: duplicate case value
 switch (0) case 0: case (sizeof (off_t) <= 4):;
                    ^~~~
conftest.c:66:12: note: previously used here
 switch (0) case 0: case (sizeof (off_t) <= 4):;
            ^~~~
configure:4332: $? = 1
configure: failed program was:
| /* confdefs.h */
| #define PACKAGE_NAME ""
| #define PACKAGE_TARNAME ""
| #define PACKAGE_VERSION ""
| #define PACKAGE_STRING ""
| #define PACKAGE_BUGREPORT ""
| #define PACKAGE_URL ""
| #define HAVE_LIBPTHREAD 1
| #define HAVE_LIBDL 1
| #define STDC_HEADERS 1
| #define HAVE_SYS_WAIT_H 1
| #define HAVE_SYS_TYPES_H 1
| #define HAVE_SYS_STAT_H 1
| #define HAVE_STDLIB_H 1
| #define HAVE_STRING_H 1
| #define HAVE_MEMORY_H 1
| #define HAVE_STRINGS_H 1
| #define HAVE_INTTYPES_H 1
| #define HAVE_STDINT_H 1
| #define HAVE_UNISTD_H 1
| #define HAVE_FCNTL_H 1
| #define HAVE_LIMITS_H 1
| #define HAVE_SYS_IOCTL_H 1
| #define HAVE_SYS_TIME_H 1
| #define HAVE_ARPA_INET_H 1
| #define HAVE_NETDB_H 1
| #define HAVE_SYS_SELECT_H 1
| #define HAVE_SYS_SOCKET_H 1
| #define HAVE_SYS_PARAM_H 1
| #define HAVE_MEMORY_H 1
| #define HAVE_MALLOC_H 1
| #define HAVE_SIGNAL_H 1
| #define HAVE_NET_IF_H 1
| #define HAVE_NETINET_IN_H 1
| #define HAVE_SYS_UIO_H 1
| #define HAVE_GETOPT_H 1
| #define HAVE_DLFCN_H 1
| #define HAVE_STRING_H 1
| #define HAVE_TERMIOS_H 1
| #define HAVE_STRUCT_IP_MREQN_IMR_IFINDEX 1
| #define HAVE_IN_ADDR_T 1
| #define HAVE_LSEEK64_PROTOTYPE 1
| #define HAVE_HTONS 1
| #define HAVE_KILL 1
| #define HAVE_DAEMON 1
| #define TIME_WITH_SYS_TIME 1
| #define RETSIGTYPE void
| #define HAVE_ATEXIT 1
| #define HAVE_ON_EXIT 1
| #define HAVE_TCSETATTR 1
| #define HAVE_LSEEK64 1
| #define HAVE_SNPRINTF 1
| #define HAVE_INET_PTON 1
| #define HAVE_INET_ATON 1
| #define HAVE_GETOPT_LONG 1
| #define HAVE_DLSYM 1
| /* end confdefs.h.  */
| 
| #include <unistd.h>
| #include <sys/types.h>
| 
| int
| main ()
| {
| 
| switch (0) case 0: case (sizeof (off_t) <= 4):;
| 
|   ;
|   return 0;
| }
configure:4339: result: yes
configure:4347: checking whether gcc supports loff_t type
configure:4364: gcc -c -g -O2  conftest.c >&5
configure:4364: $? = 0
configure:4373: result: yes
configure:4382: checking whether gcc supports offset_t type
configure:4399: gcc -c -g -O2  conftest.c >&5
conftest.c: In function 'main':
conftest.c:64:1: error: unknown type name 'offset_t'; did you mean 'sigset_t'?
 offset_t a;
 ^~~~~~~~
 sigset_t
configure:4399: $? = 1
configure: failed program was:
| /* confdefs.h */
| #define PACKAGE_NAME ""
| #define PACKAGE_TARNAME ""
| #define PACKAGE_VERSION ""
| #define PACKAGE_STRING ""
| #define PACKAGE_BUGREPORT ""
| #define PACKAGE_URL ""
| #define HAVE_LIBPTHREAD 1
| #define HAVE_LIBDL 1
| #define STDC_HEADERS 1
| #define HAVE_SYS_WAIT_H 1
| #define HAVE_SYS_TYPES_H 1
| #define HAVE_SYS_STAT_H 1
| #define HAVE_STDLIB_H 1
| #define HAVE_STRING_H 1
| #define HAVE_MEMORY_H 1
| #define HAVE_STRINGS_H 1
| #define HAVE_INTTYPES_H 1
| #define HAVE_STDINT_H 1
| #define HAVE_UNISTD_H 1
| #define HAVE_FCNTL_H 1
| #define HAVE_LIMITS_H 1
| #define HAVE_SYS_IOCTL_H 1
| #define HAVE_SYS_TIME_H 1
| #define HAVE_ARPA_INET_H 1
| #define HAVE_NETDB_H 1
| #define HAVE_SYS_SELECT_H 1
| #define HAVE_SYS_SOCKET_H 1
| #define HAVE_SYS_PARAM_H 1
| #define HAVE_MEMORY_H 1
| #define HAVE_MALLOC_H 1
| #define HAVE_SIGNAL_H 1
| #define HAVE_NET_IF_H 1
| #define HAVE_NETINET_IN_H 1
| #define HAVE_SYS_UIO_H 1
| #define HAVE_GETOPT_H 1
| #define HAVE_DLFCN_H 1
| #define HAVE_STRING_H 1
| #define HAVE_TERMIOS_H 1
| #define HAVE_STRUCT_IP_MREQN_IMR_IFINDEX 1
| #define HAVE_IN_ADDR_T 1
| #define HAVE_LSEEK64_PROTOTYPE 1
| #define HAVE_HTONS 1
| #define HAVE_KILL 1
| #define HAVE_DAEMON 1
| #define TIME_WITH_SYS_TIME 1
| #define RETSIGTYPE void
| #define HAVE_ATEXIT 1
| #define HAVE_ON_EXIT 1
| #define HAVE_TCSETATTR 1
| #define HAVE_LSEEK64 1
| #define HAVE_SNPRINTF 1
| #define HAVE_INET_PTON 1
| #define HAVE_INET_ATON 1
| #define HAVE_GETOPT_LONG 1
| #define HAVE_DLSYM 1
| #define HAVE_OFF_T_64 1
| #define HAVE_LOFF_T 1
| /* end confdefs.h.  */
| #include <sys/types.h>
| int
| main ()
| {
| offset_t a;
|   ;
|   return 0;
| }
configure:4408: result: no
configure:4417: checking whether gcc supports long long type
configure:4434: gcc -c -g -O2  conftest.c >&5
configure:4434: $? = 0
configure:4443: result: yes
configure:4659: creating ./config.status

## ---------------------- ##
## Running config.status. ##
## ---------------------- ##

This file was extended by config.status, which was
generated by GNU Autoconf 2.65.  Invocation command line was

  CONFIG_FILES    = 
  CONFIG_HEADERS  = 
  CONFIG_LINKS    = 
  CONFIG_COMMANDS = 
  $ ./config.status 

on amir-System

config.status:864: creating Makefile
config.status:864: creating config.h

## ---------------- ##
## Cache variables. ##
## ---------------- ##

ac_cv_build=x86_64-unknown-linux-gnu
ac_cv_c_compiler_gnu=yes
ac_cv_c_const=yes
ac_cv_c_inline=inline
ac_cv_env_CC_set=
ac_cv_env_CC_value=
ac_cv_env_CFLAGS_set=
ac_cv_env_CFLAGS_value=
ac_cv_env_CPPFLAGS_set=
ac_cv_env_CPPFLAGS_value=
ac_cv_env_CPP_set=
ac_cv_env_CPP_value=
ac_cv_env_LDFLAGS_set=
ac_cv_env_LDFLAGS_value=
ac_cv_env_LIBS_set=
ac_cv_env_LIBS_value=
ac_cv_env_build_alias_set=
ac_cv_env_build_alias_value=
ac_cv_env_host_alias_set=
ac_cv_env_host_alias_value=
ac_cv_env_target_alias_set=
ac_cv_env_target_alias_value=
ac_cv_func_atexit=yes
ac_cv_func_daemon=yes
ac_cv_func_dlsym=yes
ac_cv_func_getopt_long=yes
ac_cv_func_htons=yes
ac_cv_func_inet_aton=yes
ac_cv_func_inet_pton=yes
ac_cv_func_kill=yes
ac_cv_func_lseek64=yes
ac_cv_func_on_exit=yes
ac_cv_func_snprintf=yes
ac_cv_func_tcsetattr=yes
ac_cv_header_arpa_inet_h=yes
ac_cv_header_dlfcn_h=yes
ac_cv_header_fcntl_h=yes
ac_cv_header_getopt_h=yes
ac_cv_header_inttypes_h=yes
ac_cv_header_limits_h=yes
ac_cv_header_malloc_h=yes
ac_cv_header_memory_h=yes
ac_cv_header_net_if_h=yes
ac_cv_header_netdb_h=yes
ac_cv_header_netinet_in_h=yes
ac_cv_header_signal_h=yes
ac_cv_header_stdc=yes
ac_cv_header_stdint_h=yes
ac_cv_header_stdlib_h=yes
ac_cv_header_string_h=yes
ac_cv_header_strings_h=yes
ac_cv_header_sys_ioctl_h=yes
ac_cv_header_sys_param_h=yes
ac_cv_header_sys_select_h=yes
ac_cv_header_sys_socket_h=yes
ac_cv_header_sys_sockio_h=no
ac_cv_header_sys_stat_h=yes
ac_cv_header_sys_time_h=yes
ac_cv_header_sys_types_h=yes
ac_cv_header_sys_uio_h=yes
ac_cv_header_sys_wait_h=yes
ac_cv_header_termios_h=yes
ac_cv_header_time=yes
ac_cv_header_unistd_h=yes
ac_cv_header_winsock2_h=no
ac_cv_host=x86_64-unknown-linux-gnu
ac_cv_lib_dl_dlsym=yes
ac_cv_lib_pthread_pthread_create=yes
ac_cv_member_struct_ip_mreqn_imr_ifindex=yes
ac_cv_objext=o
ac_cv_path_EGREP='/bin/grep -E'
ac_cv_path_GREP=/bin/grep
ac_cv_path_install='/usr/bin/install -c'
ac_cv_prog_CPP='gcc -E'
ac_cv_prog_ac_ct_CC=gcc
ac_cv_prog_cc_c89=
ac_cv_prog_cc_g=yes
ac_cv_prog_gcc_traditional=no
ac_cv_struct_tm=time.h
ac_cv_target=x86_64-unknown-linux-gnu
ac_cv_type_in_addr_t=yes
ac_cv_type_signal=void
ac_cv_type_size_t=yes
ice_cv_have_loff_t=yes
ice_cv_have_long_long=yes
ice_cv_have_offset_t=no
mtools_cv_have_llseek_prototype=no
mtools_cv_have_lseek64_prototype=yes
sfs_cv_off_t_64=yes

## ----------------- ##
## Output variables. ##
## ----------------- ##

CC='gcc'
CFLAGS='-g -O2 -Wall'
CPP='gcc -E'
CPPFLAGS=''
DEFS='-DHAVE_CONFIG_H'
ECHO_C=''
ECHO_N='-n'
ECHO_T=''
EGREP='/bin/grep -E'
EXEEXT=''
EXESUFFIX=''
GREP='/bin/grep'
HOST_ID='-DCPU_x86_64 -DVENDOR_unknown -DOS_linux_gnu'
INSTALL_DATA='${INSTALL} -m 644'
INSTALL_PROGRAM='${INSTALL}'
INSTALL_SCRIPT='${INSTALL}'
LDFLAGS=''
LIBOBJS=''
LIBS='-ldl -lpthread '
LTLIBOBJS=''
MACHDEPLIBS=''
OBJEXT='o'
PACKAGE_BUGREPORT=''
PACKAGE_NAME=''
PACKAGE_STRING=''
PACKAGE_TARNAME=''
PACKAGE_URL=''
PACKAGE_VERSION=''
PATH_SEPARATOR=':'
SHELL='/bin/bash'
SHLIB=''
ac_ct_CC='gcc'
bindir='${exec_prefix}/bin'
build='x86_64-unknown-linux-gnu'
build_alias=''
build_cpu='x86_64'
build_os='linux-gnu'
build_vendor='unknown'
datadir='${datarootdir}'
datarootdir='${prefix}/share'
docdir='${datarootdir}/doc/${PACKAGE}'
dvidir='${docdir}'
exec_prefix='${prefix}'
extraincludedir=''
extralibdir=''
host='x86_64-unknown-linux-gnu'
host_alias=''
host_cpu='x86_64'
host_os='linux-gnu'
host_vendor='unknown'
htmldir='${docdir}'
includedir='${prefix}/include'
infodir='${datarootdir}/info'
libdir='${exec_prefix}/lib'
libexecdir='${exec_prefix}/libexec'
localedir='${datarootdir}/locale'
localstatedir='${prefix}/var'
mandir='${datarootdir}/man'
oldincludedir='/usr/include'
pdfdir='${docdir}'
prefix='/usr/local'
program_transform_name='s,x,x,'
psdir='${docdir}'
sbindir='${exec_prefix}/sbin'
sharedstatedir='${prefix}/com'
sysconfdir='${prefix}/etc'
target='x86_64-unknown-linux-gnu'
target_alias=''
target_cpu='x86_64'
target_os='linux-gnu'
target_vendor='unknown'

## ----------- ##
## confdefs.h. ##
## ----------- ##

/* confdefs.h */
#define PACKAGE_NAME ""
#define PACKAGE_TARNAME ""
#define PACKAGE_VERSION ""
#define PACKAGE_STRING ""
#define PACKAGE_BUGREPORT ""
#define PACKAGE_URL ""
#define HAVE_LIBPTHREAD 1
#define HAVE_LIBDL 1
#define STDC_HEADERS 1
#define HAVE_SYS_WAIT_H 1
#define HAVE_SYS_TYPES_H 1
#define HAVE_SYS_STAT_H 1
#define HAVE_STDLIB_H 1
#define HAVE_STRING_H 1
#define HAVE_MEMORY_H 1
#define HAVE_STRINGS_H 1
#define HAVE_INTTYPES_H 1
#define HAVE_STDINT_H 1
#define HAVE_UNISTD_H 1
#define HAVE_FCNTL_H 1
#define HAVE_LIMITS_H 1
#define HAVE_SYS_IOCTL_H 1
#define HAVE_SYS_TIME_H 1
#define HAVE_ARPA_INET_H 1
#define HAVE_NETDB_H 1
#define HAVE_SYS_SELECT_H 1
#define HAVE_SYS_SOCKET_H 1
#define HAVE_SYS_PARAM_H 1
#define HAVE_MEMORY_H 1
#define HAVE_MALLOC_H 1
#define HAVE_SIGNAL_H 1
#define HAVE_NET_IF_H 1
#define HAVE_NETINET_IN_H 1
#define HAVE_SYS_UIO_H 1
#define HAVE_GETOPT_H 1
#define HAVE_DLFCN_H 1
#define HAVE_STRING_H 1
#define HAVE_TERMIOS_H 1
#define HAVE_STRUCT_IP_MREQN_IMR_IFINDEX 1
#define HAVE_IN_ADDR_T 1
#define HAVE_LSEEK64_PROTOTYPE 1
#define HAVE_HTONS 1
#define HAVE_KILL 1
#define HAVE_DAEMON 1
#define TIME_WITH_SYS_TIME 1
#define RETSIGTYPE void
#define HAVE_ATEXIT 1
#define HAVE_ON_EXIT 1
#define HAVE_TCSETATTR 1
#define HAVE_LSEEK64 1
#define HAVE_SNPRINTF 1
#define HAVE_INET_PTON 1
#define HAVE_INET_ATON 1
#define HAVE_GETOPT_LONG 1
#define HAVE_DLSYM 1
#define HAVE_OFF_T_64 1
#define HAVE_LOFF_T 1
#define HAVE_LONG_LONG 1

configure: exit 0
